User moscraciun10 (type santa) added a child to database. [Mon Jan 16 22:13:58 2023]
User moscraciun10 (type santa) added a child to database. [Mon Jan 16 22:15:26 2023]
User moscraciun10 (type santa) added a gift. [Mon Jan 16 22:29:41 2023]
User moscraciun10 (type santa) added an adress. [Mon Jan 16 22:40:09 2023]
User moscraciun10 (type santa) updated a file. [Mon Jan 16 22:42:29 2023]
User moscraciun10 (type santa) added a child to database. [Tue Jan 17 08:09:32 2023]
User moscraciun10 (type santa) deleted a child. [Tue Jan 17 08:09:48 2023]
User moscraciun10 (type santa) deleted a child. [Tue Jan 17 08:35:05 2023]
User moscraciun10 (type santa) deleted a child. [Tue Jan 17 08:38:38 2023]
User moscraciun10 (type santa) deleted a child. [Tue Jan 17 08:55:11 2023]
User moscraciun10 (type santa) added a child to database. [Tue Jan 17 09:06:33 2023]
User moscraciun10 (type santa) added a child to database. [Tue Jan 17 09:32:32 2023]
User moscraciun10 (type santa) deleted a child. [Tue Jan 17 09:33:04 2023]
User moscraciun10 (type santa) updated a file. [Tue Jan 17 09:42:47 2023]
User moscraciun10 (type santa) deleted a desired gift. [Wed Jan 18 19:40:11 2023]
User moscraciun10 (type santa) deleted a desired gift. [Wed Jan 18 19:40:33 2023]
User moscraciun10 (type santa) added a gift. [Wed Jan 18 19:41:39 2023]
User moscraciun10 (type santa) added a gift. [Wed Jan 18 19:43:21 2023]
User moscraciun10 (type santa) deleted a desired gift. [Wed Jan 18 19:43:38 2023]
User moscraciun10 (type santa) deleted a desired gift. [Wed Jan 18 19:44:49 2023]
User moscraciun10 (type santa) deleted a desired gift. [Wed Jan 18 19:55:43 2023]
User moscraciun10 (type santa) deleted a desired gift. [Wed Jan 18 19:57:14 2023]
User moscraciun10 (type santa) added a gift. [Wed Jan 18 23:20:51 2023]
User moscraciun10 (type santa) deleted a desired gift. [Wed Jan 18 23:21:15 2023]
User moscraciun10 (type santa) deleted an adress. [Wed Jan 18 23:44:07 2023]
User moscraciun10 (type santa) deleted an adress. [Wed Jan 18 23:44:26 2023]
User moscraciun10 (type santa) deleted an adress. [Wed Jan 18 23:55:02 2023]
User moscraciun10 (type santa) deleted an adress. [Fri Jan 20 13:07:19 2023]
User moscraciun10 (type santa) deleted an adress. [Fri Jan 20 13:07:59 2023]
User moscraciun10 (type santa) added a gift. [Fri Jan 20 23:34:44 2023]
User elfulcelbatran (type elf) added component bikeframe to database. [Sat Jan 21 11:16:31 2023]
User elfulcelbatran (type elf) added component processor to database. [Sat Jan 21 11:16:52 2023]
User elfulcelbatran (type elf) added component videocard to database. [Sat Jan 21 11:18:44 2023]
User elfulcelbatran (type elf) added component wheel to database. [Sat Jan 21 13:07:37 2023]
User elfulcelbatran (type elf) added component wheel to database. [Sat Jan 21 13:10:34 2023]
User elfulcelbatran (type elf) created a gift using stock components that is ready to be sent to a child. [Sat Jan 21 13:32:52 2023]
User elfulcelbatran (type elf) added component bikeframe to database. [Sat Jan 21 14:42:07 2023]
User elfulcelbatran (type elf) added component bikeframe to database. [Sat Jan 21 14:42:20 2023]
User elfulcelbatran (type elf) added component case to database. [Sat Jan 21 14:42:53 2023]
User elfulcelbatran (type elf) added component door to database. [Sat Jan 21 14:43:15 2023]
User elfulcelbatran (type elf) added component door to database. [Sat Jan 21 14:43:23 2023]
User elfulcelbatran (type elf) added component motherboard to database. [Sat Jan 21 14:47:56 2023]
User elfulcelbatran (type elf) added component engine to database. [Sat Jan 21 14:48:55 2023]
User elfulcelbatran (type elf) added component processor to database. [Sat Jan 21 14:49:43 2023]
User elfulcelbatran (type elf) added component videocard to database. [Sat Jan 21 14:50:34 2023]
User elfulcelbatran (type elf) added component wheel to database. [Sat Jan 21 14:51:18 2023]
User elfulmuncitor (type elf) added component wheel to database. [Sat Jan 21 14:53:21 2023]
User elfulmuncitor (type elf) created a gift using stock components that is ready to be sent to a child. [Sat Jan 21 14:55:10 2023]
User elfulmuncitor (type elf) created a pc using stock components that is ready to be sent to a child. [Sat Jan 21 16:19:41 2023]
User elfulmuncitor (type elf) created a pc using stock components that is ready to be sent to a child. [Sat Jan 21 16:20:02 2023]
User elfulmuncitor (type elf) created a pc using stock components that is ready to be sent to a child. [Sat Jan 21 16:22:51 2023]
User elfulcelbatran (type elf) created a scooter using stock components that is ready to be sent to a child. [Sat Jan 21 16:23:41 2023]
User elfulcelbatran (type elf) added component wheel to database. [Sat Jan 21 16:25:35 2023]
User elfulmuncitor (type elf) added component wheel to database. [Sat Jan 21 16:25:58 2023]
User elfulcelbatran (type elf) created a scooter using stock components that is ready to be sent to a child. [Sat Jan 21 16:27:26 2023]
User elfulmuncitor (type elf) created a laptop using stock components that is ready to be sent to a child. [Sat Jan 21 16:46:18 2023]
User elfulmuncitor (type elf) created a laptop using stock components that is ready to be sent to a child. [Sat Jan 21 16:47:28 2023]
User elfulmuncitor (type elf) created a pc using stock components that is ready to be sent to a child. [Sat Jan 21 16:48:05 2023]
User moscraciun10 (type santa) added a child to database. [Sat Jan 21 16:48:51 2023]
User elfulmuncitor (type elf) created a laptop using stock components that is ready to be sent to a child. [Sat Jan 21 16:49:14 2023]
User elfulcelbatran (type elf) created a pc using stock components that is ready to be sent to a child. [Sat Jan 21 16:50:35 2023]
User elfulcelbatran (type elf) created a laptop using stock components that is ready to be sent to a child. [Sat Jan 21 16:54:02 2023]
User elfulcelbatran (type elf) created a laptop using stock components that is ready to be sent to a child. [Sat Jan 21 17:08:44 2023]
User elfulcelbatran (type elf) created a laptop using stock components that is ready to be sent to a child. [Sat Jan 21 17:12:17 2023]
User elfulcelbatran (type elf) added component wheel to database. [Sat Jan 21 17:13:03 2023]
User elfulcelbatran (type elf) added component case to database. [Sat Jan 21 17:13:40 2023]
User elfulmuncitor (type elf) added component motherboard to database. [Sat Jan 21 17:16:40 2023]
User elfulcelbatran (type elf) added component videocard to database. [Sat Jan 21 17:17:41 2023]
User elfulcelbatran (type elf) created a scooter using stock components that is ready to be sent to a child. [Sat Jan 21 17:19:18 2023]
User elfulcelbatran (type elf) created a laptop using stock components that is ready to be sent to a child. [Sat Jan 21 17:21:41 2023]
User elfulcelbatran (type elf) created a scooter using stock components that is ready to be sent to a child. [Sat Jan 21 17:24:34 2023]
User elfulcelbatran (type elf) created a laptop using stock components that is ready to be sent to a child. [Sat Jan 21 17:30:22 2023]
User elfulcelbatran (type elf) created a pc using stock components that is ready to be sent to a child. [Sat Jan 21 17:56:41 2023]
User elfulcelbatran (type elf) created a laptop using stock components that is ready to be sent to a child. [Sat Jan 21 17:57:16 2023]
User elfulcelbatran (type elf) added component processor to database. [Sat Jan 21 17:57:40 2023]
User elfulcelbatran (type elf) added component motherboard to database. [Sat Jan 21 17:58:00 2023]
User elfulcelbatran (type elf) created a laptop using stock components that is ready to be sent to a child. [Sat Jan 21 17:58:11 2023]
User elfulcelbatran (type elf) added component videocard to database. [Sat Jan 21 17:59:11 2023]
User elfulcelbatran (type elf) created a laptop using stock components that is ready to be sent to a child. [Sat Jan 21 17:59:19 2023]
User elfulcelbatran (type elf) created a laptop using stock components that is ready to be sent to a child. [Sat Jan 21 18:00:04 2023]
User elfulcelbatran (type elf) created a laptop using stock components that is ready to be sent to a child. [Sat Jan 21 18:00:26 2023]
User elfulcelbatran (type elf) created a laptop using stock components that is ready to be sent to a child. [Sat Jan 21 18:02:46 2023]
User elfulcelbatran (type elf) created a pc using stock components that is ready to be sent to a child. [Sat Jan 21 18:18:59 2023]
User elfulcelbatran (type elf) created a pc using stock components that is ready to be sent to a child. [Sat Jan 21 18:19:12 2023]
User elfulcelbatran (type elf) created a laptop using stock components that is ready to be sent to a child. [Sat Jan 21 18:19:38 2023]
User elfulcelbatran (type elf) created a scooter using stock components that is ready to be sent to a child. [Sat Jan 21 18:28:06 2023]
User elfulcelbatran (type elf) created a pc using stock components that is ready to be sent to a child. [Sun Jan 22 00:48:07 2023]
User elfulcelbatran (type elf) send a bike gift to Enache. [Sun Jan 22 01:15:34 2023]
User elfulcelbatran (type elf) sent a laptop gift to Michelangelo. [Sun Jan 22 01:15:34 2023]
User elfulcelbatran (type elf) send a bike gift to Musat. [Sun Jan 22 01:15:34 2023]
User elfulcelbatran (type elf) sent a car gift to Michelangelo. [Sun Jan 22 01:15:34 2023]
User elfulcelbatran (type elf) sent a laptop gift to Roberto. [Sun Jan 22 01:15:34 2023]
